timestamp: 2015-06-19T21:31:42.043771
CREATE TABLE auth_user(
    id INTEGER PRIMARY KEY AUTOINCREMENT,
    first_name CHAR(128),
    last_name CHAR(128),
    email CHAR(512),
    password CHAR(512),
    registration_key CHAR(512),
    reset_password_key CHAR(512),
    registration_id CHAR(512)
);
success!
timestamp: 2015-06-19T21:31:42.195758
CREATE TABLE auth_group(
    id INTEGER PRIMARY KEY AUTOINCREMENT,
    role CHAR(512),
    description TEXT
);
success!
timestamp: 2015-06-19T21:31:42.333831
CREATE TABLE auth_membership(
    id INTEGER PRIMARY KEY AUTOINCREMENT,
    user_id INTEGER REFERENCES auth_user (id) ON DELETE CASCADE,
    group_id INTEGER REFERENCES auth_group (id) ON DELETE CASCADE
);
success!
timestamp: 2015-06-19T21:31:42.517575
CREATE TABLE auth_permission(
    id INTEGER PRIMARY KEY AUTOINCREMENT,
    group_id INTEGER REFERENCES auth_group (id) ON DELETE CASCADE,
    name CHAR(512),
    table_name CHAR(512),
    record_id INTEGER
);
success!
timestamp: 2015-06-19T21:31:42.612218
CREATE TABLE auth_event(
    id INTEGER PRIMARY KEY AUTOINCREMENT,
    time_stamp TIMESTAMP,
    client_ip CHAR(512),
    user_id INTEGER REFERENCES auth_user (id) ON DELETE CASCADE,
    origin CHAR(512),
    description TEXT
);
success!
timestamp: 2015-06-19T21:31:42.722731
CREATE TABLE auth_cas(
    id INTEGER PRIMARY KEY AUTOINCREMENT,
    user_id INTEGER REFERENCES auth_user (id) ON DELETE CASCADE,
    created_on TIMESTAMP,
    service CHAR(512),
    ticket CHAR(512),
    renew CHAR(1)
);
success!
timestamp: 2015-06-19T21:33:42.103352
CREATE TABLE clientes(
    id INTEGER PRIMARY KEY AUTOINCREMENT,
    nombre CHAR(512)
);
success!
timestamp: 2015-06-19T22:05:38.362031
ALTER TABLE clientes ADD casado CHAR(1);
timestamp: 2015-06-19T22:05:38.463724
ALTER TABLE clientes ADD dni CHAR(512);
timestamp: 2015-06-19T22:05:38.574486
ALTER TABLE clientes ADD sexo CHAR(512);
timestamp: 2015-06-19T22:05:38.683554
ALTER TABLE clientes ADD fecha_nac DATE;
timestamp: 2015-06-19T22:05:38.792587
ALTER TABLE clientes ADD fecha_ing DATE;
timestamp: 2015-06-19T22:05:38.893930
ALTER TABLE clientes ADD imagen CHAR(512);
success!
timestamp: 2015-06-19T23:18:41.494872
ALTER TABLE clientes ADD apodo CHAR(512);
success!
timestamp: 2015-06-19T23:37:58.806356
CREATE TABLE pagos(
    id INTEGER PRIMARY KEY AUTOINCREMENT,
    cliente INTEGER REFERENCES clientes (id) ON DELETE CASCADE,
    fecha_pago DATE,
    cuota DOUBLE
);
success!
timestamp: 2015-06-20T10:17:43.779319
ALTER TABLE pagos ADD detalle CHAR(255);
success!
success!
success!
success!
timestamp: 2015-06-20T10:24:56.204348
ALTER TABLE clientes ADD telefono CHAR(100);
success!
timestamp: 2015-06-20T10:24:56.320777
CREATE TABLE clases(
    id INTEGER PRIMARY KEY AUTOINCREMENT,
    detalle CHAR(100)
);
success!
timestamp: 2015-06-20T10:30:38.834807
CREATE TABLE clasesxcli(
    id INTEGER PRIMARY KEY AUTOINCREMENT,
    cliente INTEGER REFERENCES clientes (id) ON DELETE CASCADE,
    clase INTEGER REFERENCES clases (id) ON DELETE CASCADE
);
success!
timestamp: 2015-06-22T20:38:23.584044
CREATE TABLE horarios(
    id INTEGER PRIMARY KEY AUTOINCREMENT,
    clase INTEGER REFERENCES clases (id) ON DELETE CASCADE,
    inicio CHAR(512),
    fin CHAR(512)
);
success!
timestamp: 2015-06-22T20:38:23.717764
ALTER TABLE clasesxcli ADD horario INTEGER REFERENCES horarios (id) ON DELETE CASCADE;
success!
success!
success!
success!
success!
success!
success!
success!
success!
success!
success!
success!
success!
success!
success!
success!
success!
success!
success!
success!
success!
success!
success!
success!
success!
success!
success!
success!
success!
success!
success!
success!
success!
success!
success!
success!
success!
success!
success!
success!
success!
success!
success!
success!
success!
success!
success!
success!
success!
success!
success!
success!
success!
success!
success!
success!
success!
success!
success!
success!
success!
success!
success!
success!
success!
success!
success!
success!
success!
success!
success!
success!
success!
success!
success!
success!
success!
success!
success!
success!
success!
success!
success!
success!
success!
success!
success!
success!
success!
success!
success!
success!
success!
success!
success!
success!
success!
success!
success!
success!
success!
success!
success!
success!
success!
success!
success!
success!
success!
success!
success!
success!
success!
success!
success!
success!
success!
success!
success!
success!
success!
success!
success!
success!
success!
success!
success!
success!
success!
success!
success!
success!
success!
success!
success!
success!
success!
success!
success!
success!
success!
success!
success!
success!
success!
success!
success!
success!
success!
success!
success!
success!
success!
success!
success!
success!
success!
success!
success!
success!
success!
success!
success!
success!
success!
success!
success!
success!
success!
success!
success!
success!
success!
success!
success!
success!
success!
success!
success!
success!
success!
success!
success!
success!
success!
success!
success!
success!
success!
success!
success!
success!
success!
success!
success!
success!
success!
success!
success!
success!
success!
success!
success!
success!
success!
success!
success!
success!
success!
success!
success!
success!
success!
success!
success!
success!
success!
success!
success!
success!
success!
success!
success!
success!
success!
success!
success!
success!
success!
success!
success!
success!
success!
success!
success!
success!
success!
success!
success!
success!
success!
success!
success!
success!
success!
success!
success!
success!
success!
success!
success!
success!
success!
success!
success!
success!
success!
success!
success!
success!
success!
success!
success!
success!
success!
success!
success!
success!
success!
success!
success!
success!
success!
success!
success!
success!
success!
success!
success!
success!
success!
success!
success!
success!
success!
success!
success!
success!
success!
success!
success!
success!
success!
success!
success!
success!
success!
success!
success!
success!
success!
success!
success!
success!
success!
success!
success!
success!
success!
success!
success!
success!
success!
success!
success!
success!
success!
success!
success!
success!
success!
success!
success!
success!
success!
success!
success!
success!
success!
success!
success!
success!
success!
success!
success!
success!
success!
success!
success!
success!
success!
success!
success!
success!
success!
success!
success!
success!
success!
success!
success!
success!
success!
success!
success!
success!
success!
success!
success!
success!
success!
success!
success!
success!
success!
success!
success!
success!
success!
success!
success!
success!
success!
success!
success!
success!
success!
success!
success!
success!
success!
success!
success!
success!
success!
success!
success!
success!
success!
success!
success!
success!
success!
success!
success!
success!
success!
success!
success!
success!
success!
success!
success!
success!
success!
